<?xml version="1.0" encoding="utf-8"?><testsuites name="pytest tests"><testsuite name="pytest" errors="0" failures="0" skipped="0" tests="16" time="2.711" timestamp="2026-04-10T01:10:18.963557+00:00" hostname="agent-env-017b76a9-3a79-434b-972a-dd4d66c4ee3e"><testcase classname="backend.tests.test_streak_features.TestAuthEndpoints" name="test_login_success" time="0.562" /><testcase classname="backend.tests.test_streak_features.TestStreakRestDay" name="test_mark_rest_day_success" time="0.064" /><testcase classname="backend.tests.test_streak_features.TestStreakRestDay" name="test_mark_rest_day_replaces_skip" time="0.188" /><testcase classname="backend.tests.test_streak_features.TestStreakRestDay" name="test_mark_rest_day_unauthenticated" time="0.124" /><testcase classname="backend.tests.test_streak_features.TestStreakSkipDay" name="test_mark_skip_day_success" time="0.059" /><testcase classname="backend.tests.test_streak_features.TestStreakSkipDay" name="test_mark_skip_day_replaces_rest" time="0.118" /><testcase classname="backend.tests.test_streak_features.TestGetStreakDays" name="test_get_streak_days_success" time="0.053" /><testcase classname="backend.tests.test_streak_features.TestGetStreakDays" name="test_get_streak_days_empty_range" time="0.053" /><testcase classname="backend.tests.test_streak_features.TestGetStreakDays" name="test_get_streak_days_unauthenticated" time="0.140" /><testcase classname="backend.tests.test_streak_features.TestRemoveStreakDay" name="test_remove_streak_day_success" time="0.107" /><testcase classname="backend.tests.test_streak_features.TestRemoveStreakDay" name="test_remove_nonexistent_day_fails" time="0.062" /><testcase classname="backend.tests.test_streak_features.TestRemoveStreakDay" name="test_remove_streak_day_unauthenticated" time="0.136" /><testcase classname="backend.tests.test_streak_features.TestStreakCalculation" name="test_duo_stats_returns_streak" time="0.055" /><testcase classname="backend.tests.test_streak_features.TestStreakCalculation" name="test_rest_day_preserves_streak_concept" time="0.106" /><testcase classname="backend.tests.test_streak_features.TestStreakCalculation" name="test_skip_day_breaks_streak_concept" time="0.104" /><testcase classname="backend.tests.test_streak_features.TestStreakDayDataIntegrity" name="test_create_verify_delete_flow" time="0.567" /></testsuite></testsuites>